{"/Users/devops/Developer/cexa/src/app.ts": {"path":"/Users/devops/Developer/cexa/src/app.ts","statementMap":{"0":{"start":{"line":1,"column":0},"end":{"line":1,"column":76}},"1":{"start":{"line":2,"column":0},"end":{"line":2,"column":28}},"2":{"start":{"line":4,"column":0},"end":{"line":4,"column":52}},"3":{"start":{"line":5,"column":0},"end":{"line":5,"column":30}},"4":{"start":{"line":6,"column":0},"end":{"line":6,"column":36}},"5":{"start":{"line":7,"column":0},"end":{"line":7,"column":49}},"6":{"start":{"line":8,"column":0},"end":{"line":8,"column":76}},"7":{"start":{"line":9,"column":0},"end":{"line":9,"column":70}},"8":{"start":{"line":10,"column":0},"end":{"line":10,"column":34}},"9":{"start":{"line":71,"column":10},"end":{"line":90,"column":4}},"10":{"start":{"line":75,"column":6},"end":{"line":90,"column":4}},"11":{"start":{"line":76,"column":4},"end":{"line":78,"column":5}},"12":{"start":{"line":77,"column":6},"end":{"line":77,"column":72}},"13":{"start":{"line":80,"column":4},"end":{"line":89,"column":5}},"14":{"start":{"line":81,"column":24},"end":{"line":81,"column":48}},"15":{"start":{"line":82,"column":29},"end":{"line":82,"column":79}},"16":{"start":{"line":83,"column":6},"end":{"line":83,"column":47}},"17":{"start":{"line":84,"column":6},"end":{"line":84,"column":13}},"18":{"start":{"line":86,"column":6},"end":{"line":88,"column":9}},"19":{"start":{"line":98,"column":10},"end":{"line":116,"column":4}},"20":{"start":{"line":102,"column":6},"end":{"line":116,"column":4}},"21":{"start":{"line":103,"column":4},"end":{"line":114,"column":5}},"22":{"start":{"line":104,"column":6},"end":{"line":113,"column":7}},"23":{"start":{"line":105,"column":33},"end":{"line":106,"column":null}},"24":{"start":{"line":108,"column":8},"end":{"line":108,"column":48}},"25":{"start":{"line":110,"column":8},"end":{"line":112,"column":11}},"26":{"start":{"line":115,"column":4},"end":{"line":115,"column":11}},"27":{"start":{"line":22,"column":4},"end":{"line":22,"column":25}},"28":{"start":{"line":23,"column":4},"end":{"line":23,"column":28}},"29":{"start":{"line":24,"column":4},"end":{"line":24,"column":23}},"30":{"start":{"line":25,"column":4},"end":{"line":25,"column":30}},"31":{"start":{"line":33,"column":19},"end":{"line":35,"column":6}},"32":{"start":{"line":34,"column":6},"end":{"line":34,"column":56}},"33":{"start":{"line":36,"column":4},"end":{"line":36,"column":18}},"34":{"start":{"line":43,"column":4},"end":{"line":43,"column":27}},"35":{"start":{"line":44,"column":4},"end":{"line":44,"column":50}},"36":{"start":{"line":45,"column":4},"end":{"line":45,"column":57}},"37":{"start":{"line":46,"column":4},"end":{"line":46,"column":40}},"38":{"start":{"line":47,"column":4},"end":{"line":47,"column":45}},"39":{"start":{"line":48,"column":4},"end":{"line":48,"column":47}},"40":{"start":{"line":55,"column":4},"end":{"line":55,"column":36}},"41":{"start":{"line":62,"column":4},"end":{"line":62,"column":41}},"42":{"start":{"line":119,"column":0},"end":{"line":119,"column":35}}},"fnMap":{"0":{"name":"(anonymous_8)","decl":{"start":{"line":21,"column":2},"end":{"line":21,"column":null}},"loc":{"start":{"line":21,"column":2},"end":{"line":26,"column":3}}},"1":{"name":"(anonymous_9)","decl":{"start":{"line":71,"column":34},"end":{"line":71,"column":null}},"loc":{"start":{"line":75,"column":6},"end":{"line":90,"column":4}}},"2":{"name":"(anonymous_10)","decl":{"start":{"line":75,"column":6},"end":{"line":75,"column":null}},"loc":{"start":{"line":75,"column":6},"end":{"line":90,"column":3}}},"3":{"name":"(anonymous_11)","decl":{"start":{"line":98,"column":36},"end":{"line":98,"column":null}},"loc":{"start":{"line":102,"column":6},"end":{"line":116,"column":4}}},"4":{"name":"(anonymous_12)","decl":{"start":{"line":102,"column":6},"end":{"line":102,"column":null}},"loc":{"start":{"line":102,"column":6},"end":{"line":116,"column":3}}},"5":{"name":"(anonymous_13)","decl":{"start":{"line":32,"column":2},"end":{"line":32,"column":7}},"loc":{"start":{"line":32,"column":7},"end":{"line":37,"column":3}}},"6":{"name":"(anonymous_14)","decl":{"start":{"line":33,"column":45},"end":{"line":33,"column":48}},"loc":{"start":{"line":33,"column":50},"end":{"line":35,"column":5}}},"7":{"name":"(anonymous_15)","decl":{"start":{"line":42,"column":10},"end":{"line":42,"column":26}},"loc":{"start":{"line":42,"column":26},"end":{"line":49,"column":3}}},"8":{"name":"(anonymous_16)","decl":{"start":{"line":54,"column":10},"end":{"line":54,"column":21}},"loc":{"start":{"line":54,"column":21},"end":{"line":56,"column":3}}},"9":{"name":"(anonymous_17)","decl":{"start":{"line":61,"column":10},"end":{"line":61,"column":28}},"loc":{"start":{"line":61,"column":28},"end":{"line":63,"column":3}}}},"branchMap":{"0":{"loc":{"start":{"line":76,"column":4},"end":{"line":78,"column":5}},"type":"if","locations":[{"start":{"line":76,"column":4},"end":{"line":78,"column":5}}]},"1":{"loc":{"start":{"line":76,"column":8},"end":{"line":76,"column":49}},"type":"binary-expr","locations":[{"start":{"line":76,"column":8},"end":{"line":76,"column":17}},{"start":{"line":76,"column":21},"end":{"line":76,"column":49}}]},"2":{"loc":{"start":{"line":103,"column":4},"end":{"line":114,"column":5}},"type":"if","locations":[{"start":{"line":103,"column":4},"end":{"line":114,"column":5}}]}},"s":{"0":1,"1":1,"2":1,"3":1,"4":1,"5":1,"6":1,"7":1,"8":1,"9":1,"10":8,"11":8,"12":0,"13":8,"14":8,"15":8,"16":8,"17":8,"18":0,"19":1,"20":8,"21":8,"22":8,"23":8,"24":8,"25":0,"26":8,"27":1,"28":1,"29":1,"30":1,"31":1,"32":1,"33":1,"34":1,"35":1,"36":1,"37":1,"38":1,"39":1,"40":1,"41":1,"42":1},"f":{"0":1,"1":8,"2":8,"3":8,"4":8,"5":1,"6":1,"7":1,"8":1,"9":1},"b":{"0":[0],"1":[8,8],"2":[8]}}
,"/Users/devops/Developer/cexa/src/controllers/execute-code-controller.ts": {"path":"/Users/devops/Developer/cexa/src/controllers/execute-code-controller.ts","statementMap":{"0":{"start":{"line":2,"column":0},"end":{"line":2,"column":43}},"1":{"start":{"line":3,"column":0},"end":{"line":3,"column":57}},"2":{"start":{"line":4,"column":0},"end":{"line":4,"column":50}},"3":{"start":{"line":5,"column":0},"end":{"line":5,"column":53}},"4":{"start":{"line":6,"column":0},"end":{"line":6,"column":56}},"5":{"start":{"line":28,"column":2},"end":{"line":51,"column":3}},"6":{"start":{"line":29,"column":32},"end":{"line":29,"column":59}},"7":{"start":{"line":30,"column":19},"end":{"line":36,"column":6}},"8":{"start":{"line":38,"column":38},"end":{"line":38,"column":63}},"9":{"start":{"line":39,"column":4},"end":{"line":41,"column":5}},"10":{"start":{"line":40,"column":6},"end":{"line":40,"column":68}},"11":{"start":{"line":43,"column":31},"end":{"line":43,"column":38}},"12":{"start":{"line":45,"column":19},"end":{"line":45,"column":68}},"13":{"start":{"line":46,"column":4},"end":{"line":48,"column":7}},"14":{"start":{"line":50,"column":4},"end":{"line":50,"column":14}},"15":{"start":{"line":54,"column":0},"end":{"line":54,"column":37}}},"fnMap":{"0":{"name":"executeCodeController","decl":{"start":{"line":23,"column":15},"end":{"line":23,"column":36}},"loc":{"start":{"line":26,"column":20},"end":{"line":52,"column":null}}}},"branchMap":{"0":{"loc":{"start":{"line":39,"column":4},"end":{"line":41,"column":5}},"type":"if","locations":[{"start":{"line":39,"column":4},"end":{"line":41,"column":5}}]}},"s":{"0":1,"1":1,"2":1,"3":1,"4":1,"5":8,"6":8,"7":8,"8":8,"9":8,"10":5,"11":3,"12":3,"13":2,"14":6,"15":1},"f":{"0":8},"b":{"0":[5]}}
,"/Users/devops/Developer/cexa/src/middlewares/error-handler-middleware.ts": {"path":"/Users/devops/Developer/cexa/src/middlewares/error-handler-middleware.ts","statementMap":{"0":{"start":{"line":2,"column":0},"end":{"line":2,"column":54}},"1":{"start":{"line":3,"column":0},"end":{"line":3,"column":50}},"2":{"start":{"line":4,"column":0},"end":{"line":4,"column":37}},"3":{"start":{"line":22,"column":2},"end":{"line":30,"column":3}},"4":{"start":{"line":23,"column":4},"end":{"line":23,"column":28}},"5":{"start":{"line":24,"column":32},"end":{"line":26,"column":63}},"6":{"start":{"line":27,"column":4},"end":{"line":27,"column":59}},"7":{"start":{"line":29,"column":4},"end":{"line":29,"column":14}},"8":{"start":{"line":33,"column":0},"end":{"line":33,"column":38}}},"fnMap":{"0":{"name":"errorHandlerMiddleware","decl":{"start":{"line":16,"column":9},"end":{"line":16,"column":31}},"loc":{"start":{"line":20,"column":20},"end":{"line":31,"column":1}}}},"branchMap":{"0":{"loc":{"start":{"line":22,"column":2},"end":{"line":30,"column":3}},"type":"if","locations":[{"start":{"line":22,"column":2},"end":{"line":30,"column":3}},{"start":{"line":28,"column":9},"end":{"line":30,"column":3}}]},"1":{"loc":{"start":{"line":24,"column":32},"end":{"line":26,"column":63}},"type":"cond-expr","locations":[{"start":{"line":25,"column":8},"end":{"line":25,"column":19}},{"start":{"line":26,"column":8},"end":{"line":26,"column":63}}]}},"s":{"0":1,"1":1,"2":1,"3":6,"4":6,"5":6,"6":6,"7":0,"8":1},"f":{"0":6},"b":{"0":[6,0],"1":[6,0]}}
,"/Users/devops/Developer/cexa/src/middlewares/rate-limit-middleware.ts": {"path":"/Users/devops/Developer/cexa/src/middlewares/rate-limit-middleware.ts","statementMap":{"0":{"start":{"line":1,"column":0},"end":{"line":1,"column":31}},"1":{"start":{"line":2,"column":0},"end":{"line":2,"column":43}},"2":{"start":{"line":9,"column":19},"end":{"line":9,"column":51}},"3":{"start":{"line":10,"column":14},"end":{"line":10,"column":40}},"4":{"start":{"line":12,"column":2},"end":{"line":15,"column":5}},"5":{"start":{"line":18,"column":0},"end":{"line":18,"column":35}}},"fnMap":{"0":{"name":"rateLimitMiddleware","decl":{"start":{"line":8,"column":9},"end":{"line":8,"column":28}},"loc":{"start":{"line":8,"column":28},"end":{"line":16,"column":1}}}},"branchMap":{},"s":{"0":1,"1":1,"2":1,"3":1,"4":1,"5":1},"f":{"0":1},"b":{}}
,"/Users/devops/Developer/cexa/src/routes/index.ts": {"path":"/Users/devops/Developer/cexa/src/routes/index.ts","statementMap":{"0":{"start":{"line":1,"column":0},"end":{"line":1,"column":52}},"1":{"start":{"line":2,"column":0},"end":{"line":2,"column":75}},"2":{"start":{"line":4,"column":13},"end":{"line":4,"column":31}},"3":{"start":{"line":6,"column":0},"end":{"line":14,"column":3}},"4":{"start":{"line":7,"column":2},"end":{"line":13,"column":5}},"5":{"start":{"line":16,"column":0},"end":{"line":16,"column":47}}},"fnMap":{"0":{"name":"(anonymous_1)","decl":{"start":{"line":6,"column":20},"end":{"line":6,"column":21}},"loc":{"start":{"line":6,"column":52},"end":{"line":14,"column":1}}}},"branchMap":{},"s":{"0":1,"1":1,"2":1,"3":1,"4":0,"5":1},"f":{"0":0},"b":{}}
,"/Users/devops/Developer/cexa/src/services/containerd.ts": {"path":"/Users/devops/Developer/cexa/src/services/containerd.ts","statementMap":{"0":{"start":{"line":1,"column":0},"end":{"line":1,"column":47}},"1":{"start":{"line":2,"column":0},"end":{"line":2,"column":25}},"2":{"start":{"line":3,"column":0},"end":{"line":3,"column":25}},"3":{"start":{"line":4,"column":0},"end":{"line":4,"column":29}},"4":{"start":{"line":5,"column":0},"end":{"line":5,"column":33}},"5":{"start":{"line":6,"column":0},"end":{"line":6,"column":61}},"6":{"start":{"line":7,"column":0},"end":{"line":7,"column":72}},"7":{"start":{"line":8,"column":0},"end":{"line":8,"column":68}},"8":{"start":{"line":32,"column":10},"end":{"line":32,"column":35}},"9":{"start":{"line":33,"column":10},"end":{"line":33,"column":46}},"10":{"start":{"line":34,"column":10},"end":{"line":34,"column":40}},"11":{"start":{"line":35,"column":10},"end":{"line":35,"column":42}},"12":{"start":{"line":36,"column":10},"end":{"line":36,"column":42}},"13":{"start":{"line":46,"column":4},"end":{"line":61,"column":5}},"14":{"start":{"line":47,"column":33},"end":{"line":47,"column":75}},"15":{"start":{"line":48,"column":23},"end":{"line":48,"column":75}},"16":{"start":{"line":49,"column":21},"end":{"line":52,"column":null}},"17":{"start":{"line":55,"column":6},"end":{"line":55,"column":34}},"18":{"start":{"line":57,"column":6},"end":{"line":57,"column":20}},"19":{"start":{"line":59,"column":6},"end":{"line":59,"column":43}},"20":{"start":{"line":60,"column":6},"end":{"line":60,"column":18}},"21":{"start":{"line":73,"column":33},"end":{"line":73,"column":47}},"22":{"start":{"line":74,"column":31},"end":{"line":74,"column":50}},"23":{"start":{"line":76,"column":4},"end":{"line":78,"column":5}},"24":{"start":{"line":77,"column":6},"end":{"line":77,"column":69}},"25":{"start":{"line":80,"column":4},"end":{"line":80,"column":30}},"26":{"start":{"line":93,"column":21},"end":{"line":95,"column":null}},"27":{"start":{"line":97,"column":4},"end":{"line":97,"column":41}},"28":{"start":{"line":98,"column":4},"end":{"line":98,"column":20}},"29":{"start":{"line":114,"column":4},"end":{"line":114,"column":55}},"30":{"start":{"line":116,"column":23},"end":{"line":118,"column":78}},"31":{"start":{"line":120,"column":4},"end":{"line":135,"column":5}},"32":{"start":{"line":121,"column":33},"end":{"line":123,"column":null}},"33":{"start":{"line":126,"column":6},"end":{"line":128,"column":7}},"34":{"start":{"line":127,"column":8},"end":{"line":127,"column":42}},"35":{"start":{"line":130,"column":6},"end":{"line":130,"column":20}},"36":{"start":{"line":132,"column":6},"end":{"line":134,"column":8}},"37":{"start":{"line":149,"column":22},"end":{"line":151,"column":null}},"38":{"start":{"line":154,"column":4},"end":{"line":156,"column":5}},"39":{"start":{"line":155,"column":6},"end":{"line":155,"column":73}},"40":{"start":{"line":158,"column":4},"end":{"line":169,"column":5}},"41":{"start":{"line":159,"column":31},"end":{"line":159,"column":66}},"42":{"start":{"line":161,"column":6},"end":{"line":168,"column":7}},"43":{"start":{"line":162,"column":8},"end":{"line":162,"column":42}},"44":{"start":{"line":163,"column":8},"end":{"line":163,"column":62}},"45":{"start":{"line":165,"column":8},"end":{"line":167,"column":10}},"46":{"start":{"line":183,"column":4},"end":{"line":185,"column":5}},"47":{"start":{"line":184,"column":6},"end":{"line":184,"column":51}},"48":{"start":{"line":187,"column":4},"end":{"line":208,"column":7}},"49":{"start":{"line":188,"column":24},"end":{"line":188,"column":34}},"50":{"start":{"line":189,"column":22},"end":{"line":198,"column":8}},"51":{"start":{"line":190,"column":8},"end":{"line":190,"column":28}},"52":{"start":{"line":191,"column":8},"end":{"line":197,"column":9}},"53":{"start":{"line":192,"column":10},"end":{"line":192,"column":24}},"54":{"start":{"line":193,"column":15},"end":{"line":197,"column":9}},"55":{"start":{"line":194,"column":10},"end":{"line":194,"column":51}},"56":{"start":{"line":196,"column":10},"end":{"line":196,"column":38}},"57":{"start":{"line":200,"column":20},"end":{"line":203,"column":17}},"58":{"start":{"line":201,"column":8},"end":{"line":201,"column":23}},"59":{"start":{"line":202,"column":8},"end":{"line":202,"column":49}},"60":{"start":{"line":205,"column":6},"end":{"line":207,"column":9}},"61":{"start":{"line":206,"column":8},"end":{"line":206,"column":28}},"62":{"start":{"line":212,"column":0},"end":{"line":212,"column":37}}},"fnMap":{"0":{"name":"(anonymous_14)","decl":{"start":{"line":31,"column":0},"end":{"line":31,"column":6}},"loc":{"start":{"line":31,"column":0},"end":{"line":210,"column":1}}},"1":{"name":"(anonymous_15)","decl":{"start":{"line":45,"column":15},"end":{"line":45,"column":26}},"loc":{"start":{"line":45,"column":57},"end":{"line":62,"column":null}}},"2":{"name":"(anonymous_17)","decl":{"start":{"line":70,"column":16},"end":{"line":70,"column":37}},"loc":{"start":{"line":71,"column":20},"end":{"line":81,"column":null}}},"3":{"name":"(anonymous_19)","decl":{"start":{"line":89,"column":16},"end":{"line":89,"column":31}},"loc":{"start":{"line":91,"column":16},"end":{"line":99,"column":null}}},"4":{"name":"(anonymous_21)","decl":{"start":{"line":109,"column":16},"end":{"line":109,"column":30}},"loc":{"start":{"line":112,"column":20},"end":{"line":136,"column":null}}},"5":{"name":"(anonymous_23)","decl":{"start":{"line":145,"column":16},"end":{"line":145,"column":25}},"loc":{"start":{"line":147,"column":42},"end":{"line":170,"column":null}}},"6":{"name":"(anonymous_25)","decl":{"start":{"line":179,"column":16},"end":{"line":179,"column":34}},"loc":{"start":{"line":181,"column":19},"end":{"line":209,"column":null}}},"7":{"name":"(anonymous_27)","decl":{"start":{"line":187,"column":23},"end":{"line":187,"column":24}},"loc":{"start":{"line":187,"column":43},"end":{"line":208,"column":5}}},"8":{"name":"(anonymous_28)","decl":{"start":{"line":189,"column":51},"end":{"line":189,"column":52}},"loc":{"start":{"line":189,"column":77},"end":{"line":198,"column":7}}},"9":{"name":"(anonymous_29)","decl":{"start":{"line":200,"column":31},"end":{"line":200,"column":34}},"loc":{"start":{"line":200,"column":36},"end":{"line":203,"column":7}}},"10":{"name":"(anonymous_30)","decl":{"start":{"line":205,"column":25},"end":{"line":205,"column":28}},"loc":{"start":{"line":205,"column":30},"end":{"line":207,"column":7}}}},"branchMap":{"0":{"loc":{"start":{"line":76,"column":4},"end":{"line":78,"column":5}},"type":"if","locations":[{"start":{"line":76,"column":4},"end":{"line":78,"column":5}}]},"1":{"loc":{"start":{"line":126,"column":6},"end":{"line":128,"column":7}},"type":"if","locations":[{"start":{"line":126,"column":6},"end":{"line":128,"column":7}}]},"2":{"loc":{"start":{"line":154,"column":4},"end":{"line":156,"column":5}},"type":"if","locations":[{"start":{"line":154,"column":4},"end":{"line":156,"column":5}}]},"3":{"loc":{"start":{"line":158,"column":4},"end":{"line":169,"column":5}},"type":"if","locations":[{"start":{"line":158,"column":4},"end":{"line":169,"column":5}}]},"4":{"loc":{"start":{"line":183,"column":4},"end":{"line":185,"column":5}},"type":"if","locations":[{"start":{"line":183,"column":4},"end":{"line":185,"column":5}}]},"5":{"loc":{"start":{"line":191,"column":8},"end":{"line":197,"column":9}},"type":"if","locations":[{"start":{"line":191,"column":8},"end":{"line":197,"column":9}},{"start":{"line":193,"column":15},"end":{"line":197,"column":9}}]},"6":{"loc":{"start":{"line":193,"column":15},"end":{"line":197,"column":9}},"type":"if","locations":[{"start":{"line":193,"column":15},"end":{"line":197,"column":9}},{"start":{"line":195,"column":15},"end":{"line":197,"column":9}}]}},"s":{"0":1,"1":1,"2":1,"3":1,"4":1,"5":1,"6":1,"7":1,"8":1,"9":1,"10":1,"11":1,"12":1,"13":3,"14":3,"15":3,"16":3,"17":2,"18":2,"19":1,"20":0,"21":3,"22":3,"23":3,"24":0,"25":3,"26":3,"27":3,"28":3,"29":3,"30":3,"31":3,"32":3,"33":2,"34":0,"35":2,"36":1,"37":3,"38":3,"39":0,"40":3,"41":2,"42":2,"43":2,"44":2,"45":0,"46":3,"47":0,"48":3,"49":3,"50":3,"51":3,"52":3,"53":1,"54":2,"55":0,"56":2,"57":3,"58":0,"59":0,"60":3,"61":3,"62":1},"f":{"0":1,"1":3,"2":3,"3":3,"4":3,"5":3,"6":3,"7":3,"8":3,"9":0,"10":3},"b":{"0":[0],"1":[0],"2":[0],"3":[2],"4":[0],"5":[1,2],"6":[0,2]}}
,"/Users/devops/Developer/cexa/src/utils/compression.ts": {"path":"/Users/devops/Developer/cexa/src/utils/compression.ts","statementMap":{"0":{"start":{"line":1,"column":0},"end":{"line":1,"column":47}},"1":{"start":{"line":2,"column":0},"end":{"line":2,"column":37}},"2":{"start":{"line":9,"column":35},"end":{"line":12,"column":2}},"3":{"start":{"line":25,"column":4},"end":{"line":25,"column":69}},"4":{"start":{"line":39,"column":23},"end":{"line":39,"column":62}},"5":{"start":{"line":40,"column":4},"end":{"line":42,"column":5}},"6":{"start":{"line":41,"column":6},"end":{"line":41,"column":24}},"7":{"start":{"line":44,"column":27},"end":{"line":53,"column":6}},"8":{"start":{"line":45,"column":6},"end":{"line":52,"column":9}},"9":{"start":{"line":46,"column":8},"end":{"line":51,"column":9}},"10":{"start":{"line":47,"column":10},"end":{"line":47,"column":50}},"11":{"start":{"line":49,"column":10},"end":{"line":49,"column":58}},"12":{"start":{"line":50,"column":10},"end":{"line":50,"column":26}},"13":{"start":{"line":55,"column":4},"end":{"line":55,"column":26}},"14":{"start":{"line":67,"column":4},"end":{"line":69,"column":5}},"15":{"start":{"line":68,"column":6},"end":{"line":68,"column":52}},"16":{"start":{"line":71,"column":4},"end":{"line":76,"column":5}},"17":{"start":{"line":75,"column":6},"end":{"line":75,"column":54}},"18":{"start":{"line":79,"column":6},"end":{"line":81,"column":24}},"19":{"start":{"line":83,"column":29},"end":{"line":91,"column":6}},"20":{"start":{"line":84,"column":6},"end":{"line":90,"column":9}},"21":{"start":{"line":85,"column":8},"end":{"line":89,"column":9}},"22":{"start":{"line":86,"column":10},"end":{"line":86,"column":52}},"23":{"start":{"line":88,"column":10},"end":{"line":88,"column":47}},"24":{"start":{"line":93,"column":4},"end":{"line":93,"column":28}},"25":{"start":{"line":97,"column":0},"end":{"line":97,"column":51}}},"fnMap":{"0":{"name":"(anonymous_7)","decl":{"start":{"line":24,"column":2},"end":{"line":24,"column":14}},"loc":{"start":{"line":24,"column":35},"end":{"line":26,"column":3}}},"1":{"name":"(anonymous_8)","decl":{"start":{"line":35,"column":8},"end":{"line":35,"column":23}},"loc":{"start":{"line":37,"column":62},"end":{"line":56,"column":null}}},"2":{"name":"(anonymous_10)","decl":{"start":{"line":44,"column":53},"end":{"line":44,"column":54}},"loc":{"start":{"line":44,"column":73},"end":{"line":53,"column":5}}},"3":{"name":"(anonymous_11)","decl":{"start":{"line":45,"column":51},"end":{"line":45,"column":52}},"loc":{"start":{"line":45,"column":69},"end":{"line":52,"column":7}}},"4":{"name":"(anonymous_12)","decl":{"start":{"line":64,"column":8},"end":{"line":64,"column":25}},"loc":{"start":{"line":65,"column":54},"end":{"line":94,"column":null}}},"5":{"name":"(anonymous_14)","decl":{"start":{"line":83,"column":55},"end":{"line":83,"column":56}},"loc":{"start":{"line":83,"column":75},"end":{"line":91,"column":5}}},"6":{"name":"(anonymous_15)","decl":{"start":{"line":84,"column":25},"end":{"line":84,"column":26}},"loc":{"start":{"line":84,"column":53},"end":{"line":90,"column":7}}}},"branchMap":{"0":{"loc":{"start":{"line":37,"column":4},"end":{"line":37,"column":62}},"type":"default-arg","locations":[{"start":{"line":37,"column":31},"end":{"line":37,"column":62}}]},"1":{"loc":{"start":{"line":40,"column":4},"end":{"line":42,"column":5}},"type":"if","locations":[{"start":{"line":40,"column":4},"end":{"line":42,"column":5}}]},"2":{"loc":{"start":{"line":46,"column":8},"end":{"line":51,"column":9}},"type":"if","locations":[{"start":{"line":46,"column":8},"end":{"line":51,"column":9}},{"start":{"line":48,"column":15},"end":{"line":51,"column":9}}]},"3":{"loc":{"start":{"line":67,"column":4},"end":{"line":69,"column":5}},"type":"if","locations":[{"start":{"line":67,"column":4},"end":{"line":69,"column":5}}]},"4":{"loc":{"start":{"line":71,"column":4},"end":{"line":76,"column":5}},"type":"if","locations":[{"start":{"line":71,"column":4},"end":{"line":76,"column":5}}]},"5":{"loc":{"start":{"line":72,"column":6},"end":{"line":73,"column":38}},"type":"binary-expr","locations":[{"start":{"line":72,"column":6},"end":{"line":72,"column":40}},{"start":{"line":73,"column":6},"end":{"line":73,"column":38}}]},"6":{"loc":{"start":{"line":79,"column":6},"end":{"line":81,"column":24}},"type":"cond-expr","locations":[{"start":{"line":80,"column":10},"end":{"line":80,"column":47}},{"start":{"line":81,"column":10},"end":{"line":81,"column":24}}]},"7":{"loc":{"start":{"line":85,"column":8},"end":{"line":89,"column":9}},"type":"if","locations":[{"start":{"line":85,"column":8},"end":{"line":89,"column":9}},{"start":{"line":87,"column":15},"end":{"line":89,"column":9}}]}},"s":{"0":1,"1":1,"2":1,"3":1,"4":8,"5":8,"6":0,"7":8,"8":8,"9":8,"10":0,"11":8,"12":8,"13":8,"14":8,"15":0,"16":8,"17":0,"18":8,"19":8,"20":8,"21":8,"22":0,"23":8,"24":8,"25":1},"f":{"0":1,"1":8,"2":8,"3":8,"4":8,"5":8,"6":8},"b":{"0":[8],"1":[0],"2":[0,8],"3":[0],"4":[0],"5":[8,8],"6":[0,8],"7":[0,8]}}
,"/Users/devops/Developer/cexa/src/utils/env.ts": {"path":"/Users/devops/Developer/cexa/src/utils/env.ts","statementMap":{"0":{"start":{"line":1,"column":0},"end":{"line":1,"column":32}},"1":{"start":{"line":2,"column":0},"end":{"line":2,"column":40}},"2":{"start":{"line":4,"column":0},"end":{"line":4,"column":9}},"3":{"start":{"line":6,"column":12},"end":{"line":11,"column":2}},"4":{"start":{"line":13,"column":0},"end":{"line":13,"column":19}}},"fnMap":{},"branchMap":{},"s":{"0":1,"1":1,"2":1,"3":1,"4":1},"f":{},"b":{}}
,"/Users/devops/Developer/cexa/src/utils/error-handler.ts": {"path":"/Users/devops/Developer/cexa/src/utils/error-handler.ts","statementMap":{"0":{"start":{"line":15,"column":4},"end":{"line":15,"column":19}},"1":{"start":{"line":16,"column":4},"end":{"line":16,"column":33}},"2":{"start":{"line":17,"column":4},"end":{"line":17,"column":39}},"3":{"start":{"line":19,"column":4},"end":{"line":19,"column":52}},"4":{"start":{"line":4,"column":0},"end":{"line":4,"column":13}},"5":{"start":{"line":25,"column":4},"end":{"line":25,"column":30}},"6":{"start":{"line":23,"column":0},"end":{"line":23,"column":13}},"7":{"start":{"line":31,"column":4},"end":{"line":31,"column":30}},"8":{"start":{"line":29,"column":0},"end":{"line":29,"column":13}},"9":{"start":{"line":37,"column":4},"end":{"line":37,"column":30}},"10":{"start":{"line":35,"column":0},"end":{"line":35,"column":13}},"11":{"start":{"line":43,"column":4},"end":{"line":43,"column":30}},"12":{"start":{"line":41,"column":0},"end":{"line":41,"column":13}},"13":{"start":{"line":49,"column":4},"end":{"line":49,"column":30}},"14":{"start":{"line":47,"column":0},"end":{"line":47,"column":13}},"15":{"start":{"line":55,"column":4},"end":{"line":55,"column":30}},"16":{"start":{"line":53,"column":0},"end":{"line":53,"column":13}},"17":{"start":{"line":61,"column":4},"end":{"line":61,"column":30}},"18":{"start":{"line":59,"column":0},"end":{"line":59,"column":13}}},"fnMap":{"0":{"name":"(anonymous_0)","decl":{"start":{"line":14,"column":2},"end":{"line":14,"column":14}},"loc":{"start":{"line":14,"column":73},"end":{"line":20,"column":3}}},"1":{"name":"(anonymous_1)","decl":{"start":{"line":24,"column":2},"end":{"line":24,"column":14}},"loc":{"start":{"line":24,"column":29},"end":{"line":26,"column":3}}},"2":{"name":"(anonymous_2)","decl":{"start":{"line":30,"column":2},"end":{"line":30,"column":14}},"loc":{"start":{"line":30,"column":29},"end":{"line":32,"column":3}}},"3":{"name":"(anonymous_3)","decl":{"start":{"line":36,"column":2},"end":{"line":36,"column":14}},"loc":{"start":{"line":36,"column":29},"end":{"line":38,"column":3}}},"4":{"name":"(anonymous_4)","decl":{"start":{"line":42,"column":2},"end":{"line":42,"column":14}},"loc":{"start":{"line":42,"column":29},"end":{"line":44,"column":3}}},"5":{"name":"(anonymous_5)","decl":{"start":{"line":48,"column":2},"end":{"line":48,"column":14}},"loc":{"start":{"line":48,"column":29},"end":{"line":50,"column":3}}},"6":{"name":"(anonymous_6)","decl":{"start":{"line":54,"column":2},"end":{"line":54,"column":14}},"loc":{"start":{"line":54,"column":29},"end":{"line":56,"column":3}}},"7":{"name":"(anonymous_7)","decl":{"start":{"line":60,"column":2},"end":{"line":60,"column":14}},"loc":{"start":{"line":60,"column":29},"end":{"line":62,"column":3}}}},"branchMap":{},"s":{"0":6,"1":6,"2":6,"3":6,"4":1,"5":6,"6":1,"7":0,"8":1,"9":0,"10":1,"11":0,"12":1,"13":0,"14":1,"15":0,"16":1,"17":0,"18":1},"f":{"0":6,"1":6,"2":0,"3":0,"4":0,"5":0,"6":0,"7":0},"b":{}}
,"/Users/devops/Developer/cexa/src/utils/exception-error-handler.ts": {"path":"/Users/devops/Developer/cexa/src/utils/exception-error-handler.ts","statementMap":{"0":{"start":{"line":1,"column":0},"end":{"line":1,"column":null}},"1":{"start":{"line":22,"column":17},"end":{"line":22,"column":28}},"2":{"start":{"line":24,"column":19},"end":{"line":34,"column":4}},"3":{"start":{"line":36,"column":2},"end":{"line":40,"column":3}},"4":{"start":{"line":37,"column":4},"end":{"line":39,"column":5}},"5":{"start":{"line":38,"column":6},"end":{"line":38,"column":35}},"6":{"start":{"line":42,"column":2},"end":{"line":42,"column":40}},"7":{"start":{"line":45,"column":0},"end":{"line":45,"column":36}}},"fnMap":{"0":{"name":"handleExceptionError","decl":{"start":{"line":21,"column":9},"end":{"line":21,"column":29}},"loc":{"start":{"line":21,"column":40},"end":{"line":43,"column":1}}}},"branchMap":{"0":{"loc":{"start":{"line":37,"column":4},"end":{"line":39,"column":5}},"type":"if","locations":[{"start":{"line":37,"column":4},"end":{"line":39,"column":5}}]}},"s":{"0":1,"1":1,"2":1,"3":1,"4":1,"5":1,"6":0,"7":1},"f":{"0":1},"b":{"0":[1]}}
,"/Users/devops/Developer/cexa/src/utils/logger.ts": {"path":"/Users/devops/Developer/cexa/src/utils/logger.ts","statementMap":{"0":{"start":{"line":1,"column":0},"end":{"line":1,"column":30}},"1":{"start":{"line":2,"column":0},"end":{"line":2,"column":24}},"2":{"start":{"line":3,"column":0},"end":{"line":3,"column":20}},"3":{"start":{"line":5,"column":17},"end":{"line":5,"column":66}},"4":{"start":{"line":7,"column":18},"end":{"line":10,"column":null}},"5":{"start":{"line":9,"column":4},"end":{"line":9,"column":58}},"6":{"start":{"line":13,"column":20},"end":{"line":13,"column":34}},"7":{"start":{"line":15,"column":0},"end":{"line":17,"column":1}},"8":{"start":{"line":16,"column":2},"end":{"line":16,"column":null}},"9":{"start":{"line":18,"column":15},"end":{"line":30,"column":2}},"10":{"start":{"line":32,"column":0},"end":{"line":32,"column":22}}},"fnMap":{"0":{"name":"(anonymous_1)","decl":{"start":{"line":8,"column":2},"end":{"line":8,"column":3}},"loc":{"start":{"line":8,"column":43},"end":{"line":10,"column":3}}}},"branchMap":{"0":{"loc":{"start":{"line":5,"column":17},"end":{"line":5,"column":66}},"type":"cond-expr","locations":[{"start":{"line":5,"column":49},"end":{"line":5,"column":56}},{"start":{"line":5,"column":59},"end":{"line":5,"column":66}}]},"1":{"loc":{"start":{"line":15,"column":0},"end":{"line":17,"column":1}},"type":"if","locations":[{"start":{"line":15,"column":0},"end":{"line":17,"column":1}}]}},"s":{"0":1,"1":1,"2":1,"3":1,"4":1,"5":7,"6":1,"7":1,"8":1,"9":1,"10":1},"f":{"0":7},"b":{"0":[0,1],"1":[1]}}
,"/Users/devops/Developer/cexa/src/utils/send-response.ts": {"path":"/Users/devops/Developer/cexa/src/utils/send-response.ts","statementMap":{"0":{"start":{"line":28,"column":18},"end":{"line":28,"column":55}},"1":{"start":{"line":29,"column":35},"end":{"line":31,"column":77}},"2":{"start":{"line":33,"column":2},"end":{"line":33,"column":40}},"3":{"start":{"line":35,"column":2},"end":{"line":35,"column":13}},"4":{"start":{"line":38,"column":0},"end":{"line":38,"column":28}}},"fnMap":{"0":{"name":"sendResponse","decl":{"start":{"line":22,"column":9},"end":{"line":22,"column":21}},"loc":{"start":{"line":26,"column":23},"end":{"line":36,"column":1}}}},"branchMap":{"0":{"loc":{"start":{"line":26,"column":2},"end":{"line":26,"column":23}},"type":"default-arg","locations":[{"start":{"line":26,"column":19},"end":{"line":26,"column":23}}]},"1":{"loc":{"start":{"line":28,"column":18},"end":{"line":28,"column":55}},"type":"binary-expr","locations":[{"start":{"line":28,"column":18},"end":{"line":28,"column":35}},{"start":{"line":28,"column":39},"end":{"line":28,"column":55}}]},"2":{"loc":{"start":{"line":29,"column":35},"end":{"line":31,"column":77}},"type":"cond-expr","locations":[{"start":{"line":30,"column":6},"end":{"line":30,"column":51}},{"start":{"line":31,"column":6},"end":{"line":31,"column":77}}]}},"s":{"0":8,"1":8,"2":8,"3":8,"4":1},"f":{"0":8},"b":{"0":[6],"1":[8,8],"2":[2,6]}}
}
