TN:
SF:src/app.ts
FN:21,(anonymous_8)
FN:71,(anonymous_9)
FN:75,(anonymous_10)
FN:98,(anonymous_11)
FN:102,(anonymous_12)
FN:32,(anonymous_13)
FN:33,(anonymous_14)
FN:42,(anonymous_15)
FN:54,(anonymous_16)
FN:61,(anonymous_17)
FNF:10
FNH:10
FNDA:1,(anonymous_8)
FNDA:8,(anonymous_9)
FNDA:8,(anonymous_10)
FNDA:8,(anonymous_11)
FNDA:8,(anonymous_12)
FNDA:1,(anonymous_13)
FNDA:1,(anonymous_14)
FNDA:1,(anonymous_15)
FNDA:1,(anonymous_16)
FNDA:1,(anonymous_17)
DA:1,1
DA:2,1
DA:4,1
DA:5,1
DA:6,1
DA:7,1
DA:8,1
DA:9,1
DA:10,1
DA:22,1
DA:23,1
DA:24,1
DA:25,1
DA:33,1
DA:34,1
DA:36,1
DA:43,1
DA:44,1
DA:45,1
DA:46,1
DA:47,1
DA:48,1
DA:55,1
DA:62,1
DA:71,1
DA:75,8
DA:76,8
DA:77,0
DA:80,8
DA:81,8
DA:82,8
DA:83,8
DA:84,8
DA:86,0
DA:98,1
DA:102,8
DA:103,8
DA:104,8
DA:105,8
DA:108,8
DA:110,0
DA:115,8
DA:119,1
LF:43
LH:40
BRDA:76,0,0,0
BRDA:76,1,0,8
BRDA:76,1,1,8
BRDA:103,2,0,8
BRF:4
BRH:3
end_of_record
TN:
SF:src/controllers/execute-code-controller.ts
FN:23,executeCodeController
FNF:1
FNH:1
FNDA:8,executeCodeController
DA:2,1
DA:3,1
DA:4,1
DA:5,1
DA:6,1
DA:28,8
DA:29,8
DA:30,8
DA:38,8
DA:39,8
DA:40,5
DA:43,3
DA:45,3
DA:46,2
DA:50,6
DA:54,1
LF:16
LH:16
BRDA:39,0,0,5
BRF:1
BRH:1
end_of_record
TN:
SF:src/middlewares/error-handler-middleware.ts
FN:16,errorHandlerMiddleware
FNF:1
FNH:1
FNDA:6,errorHandlerMiddleware
DA:2,1
DA:3,1
DA:4,1
DA:22,6
DA:23,6
DA:24,6
DA:27,6
DA:29,0
DA:33,1
LF:9
LH:8
BRDA:22,0,0,6
BRDA:22,0,1,0
BRDA:24,1,0,6
BRDA:24,1,1,0
BRF:4
BRH:2
end_of_record
TN:
SF:src/middlewares/rate-limit-middleware.ts
FN:8,rateLimitMiddleware
FNF:1
FNH:1
FNDA:1,rateLimitMiddleware
DA:1,1
DA:2,1
DA:9,1
DA:10,1
DA:12,1
DA:18,1
LF:6
LH:6
BRF:0
BRH:0
end_of_record
TN:
SF:src/routes/index.ts
FN:6,(anonymous_1)
FNF:1
FNH:0
FNDA:0,(anonymous_1)
DA:1,1
DA:2,1
DA:4,1
DA:6,1
DA:7,0
DA:16,1
LF:6
LH:5
BRF:0
BRH:0
end_of_record
TN:
SF:src/services/containerd.ts
FN:31,(anonymous_14)
FN:45,(anonymous_15)
FN:70,(anonymous_17)
FN:89,(anonymous_19)
FN:109,(anonymous_21)
FN:145,(anonymous_23)
FN:179,(anonymous_25)
FN:187,(anonymous_27)
FN:189,(anonymous_28)
FN:200,(anonymous_29)
FN:205,(anonymous_30)
FNF:11
FNH:10
FNDA:1,(anonymous_14)
FNDA:3,(anonymous_15)
FNDA:3,(anonymous_17)
FNDA:3,(anonymous_19)
FNDA:3,(anonymous_21)
FNDA:3,(anonymous_23)
FNDA:3,(anonymous_25)
FNDA:3,(anonymous_27)
FNDA:3,(anonymous_28)
FNDA:0,(anonymous_29)
FNDA:3,(anonymous_30)
DA:1,1
DA:2,1
DA:3,1
DA:4,1
DA:5,1
DA:6,1
DA:7,1
DA:8,1
DA:32,1
DA:33,1
DA:34,1
DA:35,1
DA:36,1
DA:46,3
DA:47,3
DA:48,3
DA:49,3
DA:55,2
DA:57,2
DA:59,1
DA:60,0
DA:73,3
DA:74,3
DA:76,3
DA:77,0
DA:80,3
DA:93,3
DA:97,3
DA:98,3
DA:114,3
DA:116,3
DA:120,3
DA:121,3
DA:126,2
DA:127,0
DA:130,2
DA:132,1
DA:149,3
DA:154,3
DA:155,0
DA:158,3
DA:159,2
DA:161,2
DA:162,2
DA:163,2
DA:165,0
DA:183,3
DA:184,0
DA:187,3
DA:188,3
DA:189,3
DA:190,3
DA:191,3
DA:192,1
DA:193,2
DA:194,0
DA:196,2
DA:200,3
DA:201,0
DA:202,0
DA:205,3
DA:206,3
DA:212,1
LF:63
LH:54
BRDA:76,0,0,0
BRDA:126,1,0,0
BRDA:154,2,0,0
BRDA:158,3,0,2
BRDA:183,4,0,0
BRDA:191,5,0,1
BRDA:191,5,1,2
BRDA:193,6,0,0
BRDA:193,6,1,2
BRF:9
BRH:4
end_of_record
TN:
SF:src/utils/compression.ts
FN:24,(anonymous_7)
FN:35,(anonymous_8)
FN:44,(anonymous_10)
FN:45,(anonymous_11)
FN:64,(anonymous_12)
FN:83,(anonymous_14)
FN:84,(anonymous_15)
FNF:7
FNH:7
FNDA:1,(anonymous_7)
FNDA:8,(anonymous_8)
FNDA:8,(anonymous_10)
FNDA:8,(anonymous_11)
FNDA:8,(anonymous_12)
FNDA:8,(anonymous_14)
FNDA:8,(anonymous_15)
DA:1,1
DA:2,1
DA:9,1
DA:25,1
DA:39,8
DA:40,8
DA:41,0
DA:44,8
DA:45,8
DA:46,8
DA:47,0
DA:49,8
DA:50,8
DA:55,8
DA:67,8
DA:68,0
DA:71,8
DA:75,0
DA:79,8
DA:83,8
DA:84,8
DA:85,8
DA:86,0
DA:88,8
DA:93,8
DA:97,1
LF:26
LH:21
BRDA:37,0,0,8
BRDA:40,1,0,0
BRDA:46,2,0,0
BRDA:46,2,1,8
BRDA:67,3,0,0
BRDA:71,4,0,0
BRDA:72,5,0,8
BRDA:72,5,1,8
BRDA:79,6,0,0
BRDA:79,6,1,8
BRDA:85,7,0,0
BRDA:85,7,1,8
BRF:12
BRH:6
end_of_record
TN:
SF:src/utils/env.ts
FNF:0
FNH:0
DA:1,1
DA:2,1
DA:4,1
DA:6,1
DA:13,1
LF:5
LH:5
BRF:0
BRH:0
end_of_record
TN:
SF:src/utils/error-handler.ts
FN:14,(anonymous_0)
FN:24,(anonymous_1)
FN:30,(anonymous_2)
FN:36,(anonymous_3)
FN:42,(anonymous_4)
FN:48,(anonymous_5)
FN:54,(anonymous_6)
FN:60,(anonymous_7)
FNF:8
FNH:2
FNDA:6,(anonymous_0)
FNDA:6,(anonymous_1)
FNDA:0,(anonymous_2)
FNDA:0,(anonymous_3)
FNDA:0,(anonymous_4)
FNDA:0,(anonymous_5)
FNDA:0,(anonymous_6)
FNDA:0,(anonymous_7)
DA:4,1
DA:15,6
DA:16,6
DA:17,6
DA:19,6
DA:23,1
DA:25,6
DA:29,1
DA:31,0
DA:35,1
DA:37,0
DA:41,1
DA:43,0
DA:47,1
DA:49,0
DA:53,1
DA:55,0
DA:59,1
DA:61,0
LF:19
LH:13
BRF:0
BRH:0
end_of_record
TN:
SF:src/utils/exception-error-handler.ts
FN:21,handleExceptionError
FNF:1
FNH:1
FNDA:1,handleExceptionError
DA:1,1
DA:22,1
DA:24,1
DA:36,1
DA:37,1
DA:38,1
DA:42,0
DA:45,1
LF:8
LH:7
BRDA:37,0,0,1
BRF:1
BRH:1
end_of_record
TN:
SF:src/utils/logger.ts
FN:8,(anonymous_1)
FNF:1
FNH:1
FNDA:7,(anonymous_1)
DA:1,1
DA:2,1
DA:3,1
DA:5,1
DA:7,1
DA:9,7
DA:13,1
DA:15,1
DA:16,1
DA:18,1
DA:32,1
LF:11
LH:11
BRDA:5,0,0,0
BRDA:5,0,1,1
BRDA:15,1,0,1
BRF:3
BRH:2
end_of_record
TN:
SF:src/utils/send-response.ts
FN:22,sendResponse
FNF:1
FNH:1
FNDA:8,sendResponse
DA:28,8
DA:29,8
DA:33,8
DA:35,8
DA:38,1
LF:5
LH:5
BRDA:26,0,0,6
BRDA:28,1,0,8
BRDA:28,1,1,8
BRDA:29,2,0,2
BRDA:29,2,1,6
BRF:5
BRH:5
end_of_record
